<?xml version="1.0" encoding="UTF-8"?>
<!-- Generated by org.testng.reporters.JUnitReportReporter -->
<testsuite skipped="0" hostname="Vidhaan-VAIO" name="com.tg.testCase.DashboardTestCase" tests="1" failures="0" timestamp="02 Jun 2019 15:37:08 GMT" time="0.033" errors="0">
  <testcase name="dashboardTestCase" time="0.033" classname="com.tg.testCase.DashboardTestCase"/>
</testsuite> <!-- com.tg.testCase.DashboardTestCase -->
