<?xml version="1.0" encoding="UTF-8"?>
<!-- Generated by org.testng.reporters.JUnitReportReporter -->
<testsuite skipped="0" hostname="Vidhaan-VAIO" name="com.tg.testCase.DashboardTestCase" tests="1" failures="0" timestamp="15 Jun 2019 16:04:48 GMT" time="26.679" errors="0">
  <testcase name="dashboardTestCase" time="26.679" classname="com.tg.testCase.DashboardTestCase"/>
</testsuite> <!-- com.tg.testCase.DashboardTestCase -->
