<?xml version="1.0" encoding="UTF-8"?>
<!-- Generated by org.testng.reporters.JUnitReportReporter -->
<testsuite skipped="0" hostname="Vidhaan-VAIO" name="com.tg.testCase.DashboardTestCase" tests="1" failures="0" timestamp="08 Jun 2019 05:37:20 GMT" time="0.008" errors="0">
  <testcase name="dashboardTestCase" time="0.008" classname="com.tg.testCase.DashboardTestCase"/>
</testsuite> <!-- com.tg.testCase.DashboardTestCase -->
