<?xml version="1.0" encoding="UTF-8"?>
<!-- Generated by org.testng.reporters.JUnitReportReporter -->
<testsuite skipped="0" hostname="Vidhaan-VAIO" name="com.tg.testCase.SingaporeGameTestCase" tests="1" failures="0" timestamp="02 Jun 2019 12:29:58 GMT" time="0.003" errors="0">
  <testcase name="singaporeGameTestCase" time="0.003" classname="com.tg.testCase.SingaporeGameTestCase"/>
</testsuite> <!-- com.tg.testCase.SingaporeGameTestCase -->
